


ARM Macro Assembler    Page 1 


    1 00000000                 GLOBAL           user_code
    2 00000000                 AREA             usercode,CODE,READONLY
    3 00000000         user_code
    4 00000000         
    5 00000000 E002C000 
                       PINSEL0 EQU              0xE002C000
    6 00000000 E002C004 
                       PINSEL1 EQU              0xE002C004
    7 00000000 E0004000 
                       T0IR    EQU              0xE0004000
    8 00000000 E0028008 
                       IO0DIR  EQU              0xE0028008
    9 00000000 E0028018 
                       IO1DIR  EQU              0xE0028018
   10 00000000         
   11 00000000 E0028004 
                       IO0SET  EQU              0xE0028004
   12 00000000 E002800C 
                       IO0CLR  EQU              0xE002800C
   13 00000000         
   14 00000000         
   15 00000000         
   16 00000000 E59F30D4        LDR              R3,=PINSEL0
   17 00000004 E3A01403        LDR              R1,=0x3000000 ;Set P0.12 GPIO
   18 00000008 E5932000        LDR              R2,[R3]
   19 0000000C E1C22001        BIC              R2,R1
   20 00000010 E5832000        STR              R2,[R3]
   21 00000014         
   22 00000014 E59F30C4        LDR              R3,=PINSEL1
   23 00000018 E3A01B03        LDR              R1,=0xC00   ;Set P0.21 GPIO
   24 0000001C E5932000        LDR              R2,[R3]
   25 00000020 E1C22001        BIC              R2,R1
   26 00000024 E5832000        STR              R2,[R3]
   27 00000028         
   28 00000028 E59F00B4        LDR              R0,=IO0DIR
   29 0000002C E59F10B4        LDR              R1,=0x201000 
                                                            ;P0.12,P0.21 Output
                                                            
   30 00000030 E5902000        LDR              R2,[R0]
   31 00000034 E1822001        ORR              R2,R2,R1
   32 00000038 E5802000        STR              R2,[R0]
   33 0000003C         
   34 0000003C EA000025        B                task2
   35 00000040         ;======================Task 1===========================
                       ======
   36 00000040 E59F40A4 
                       ploop   LDR              R4,=T0IR
   37 00000044 E5941000 
                       MR0     LDR              R1,[R4]
   38 00000048 E3510001        CMP              R1,#1       ;Check MR0
   39 0000004C 0A000009        BEQ              MR0match
   40 00000050 E5941000 
                       MR1     LDR              R1,[R4]
   41 00000054 E3510002        CMP              R1,#2       ;Check MR1
   42 00000058 0A00000C        BEQ              MR1match
   43 0000005C E5941000 
                       MR2     LDR              R1,[R4]
   44 00000060 E3510004        CMP              R1,#4       ;Check MR2
   45 00000064 0A00000F        BEQ              MR2match



ARM Macro Assembler    Page 2 


   46 00000068 E5941000 
                       MR3     LDR              R1,[R4]
   47 0000006C E3510008        CMP              R1,#8       ;Check MR3
   48 00000070 0A000012        BEQ              MR3match
   49 00000074 EAFFFFF1        B                ploop
   50 00000078         
   51 00000078 E3A02001 
                       MR0match
                               LDR              R2,=0x1
   52 0000007C E5842000        STR              R2,[R4]
   53 00000080         
   54 00000080 E59F0068        LDR              R0,=IO0SET
   55 00000084 E3A01A01        LDR              R1,=0x1000  ;P12 set
   56 00000088 E5801000        STR              R1,[R0]
   57 0000008C         
   58 0000008C EAFFFFEF        B                MR1
   59 00000090         
   60 00000090 E3A02002 
                       MR1match
                               LDR              R2,=0x2     ;Clear Flag
   61 00000094 E5842000        STR              R2,[R4]
   62 00000098         
   63 00000098 E59F0050        LDR              R0,=IO0SET
   64 0000009C E3A01602        LDR              R1,=0x200000 ;P21 set
   65 000000A0 E5801000        STR              R1,[R0]
   66 000000A4         
   67 000000A4 EAFFFFEC        B                MR2
   68 000000A8         
   69 000000A8 E3A02004 
                       MR2match
                               LDR              R2,=0x4     ;Clear Flag
   70 000000AC E5842000        STR              R2,[R4]
   71 000000B0         
   72 000000B0 E59F003C        LDR              R0,=IO0CLR
   73 000000B4 E3A01A01        LDR              R1,=0x1000  ;P12 Clear
   74 000000B8 E5801000        STR              R1,[R0]
   75 000000BC         
   76 000000BC EAFFFFE9        B                MR3
   77 000000C0         
   78 000000C0 E3A02008 
                       MR3match
                               LDR              R2,=0x8     ;Clear Flag
   79 000000C4 E5842000        STR              R2,[R4]
   80 000000C8         
   81 000000C8 E59F0024        LDR              R0,=IO0CLR
   82 000000CC E3A01602        LDR              R1,=0x200000 ;P21 Clear
   83 000000D0 E5801000        STR              R1,[R0]
   84 000000D4         
   85 000000D4 EAFFFFDA        B                MR0
   86 000000D8         ;=======================================================
                       
   87 000000D8         
   88 000000D8         task2
   89 000000D8         
   90 000000D8         ;======================Task 2===========================
                       ======
   91 000000D8         
   92 000000D8         
   93 000000D8 EAFFFFFE 



ARM Macro Assembler    Page 3 


                       stop    B                stop
   94 000000DC                 END
              E002C000 
              E002C004 
              E0028008 
              00201000 
              E0004000 
              E0028004 
              E002800C 
Command Line: --debug --xref --apcs=interwork --depend=.\user_code.d -o.\user_c
ode.o -IC:\Keil\ARM\RV31\INC -IC:\Keil\ARM\CMSIS\Include -IC:\Keil\ARM\Inc\Phil
ips --predefine="__EVAL SETA 1" --list=.\user_code.lst user_code.s



ARM Macro Assembler    Page 1 Alphabetic symbol ordering
Relocatable symbols

MR0 00000044

Symbol: MR0
   Definitions
      At line 37 in file user_code.s
   Uses
      At line 85 in file user_code.s
Comment: MR0 used once
MR0match 00000078

Symbol: MR0match
   Definitions
      At line 51 in file user_code.s
   Uses
      At line 39 in file user_code.s
Comment: MR0match used once
MR1 00000050

Symbol: MR1
   Definitions
      At line 40 in file user_code.s
   Uses
      At line 58 in file user_code.s
Comment: MR1 used once
MR1match 00000090

Symbol: MR1match
   Definitions
      At line 60 in file user_code.s
   Uses
      At line 42 in file user_code.s
Comment: MR1match used once
MR2 0000005C

Symbol: MR2
   Definitions
      At line 43 in file user_code.s
   Uses
      At line 67 in file user_code.s
Comment: MR2 used once
MR2match 000000A8

Symbol: MR2match
   Definitions
      At line 69 in file user_code.s
   Uses
      At line 45 in file user_code.s
Comment: MR2match used once
MR3 00000068

Symbol: MR3
   Definitions
      At line 46 in file user_code.s
   Uses
      At line 76 in file user_code.s
Comment: MR3 used once
MR3match 000000C0

Symbol: MR3match



ARM Macro Assembler    Page 2 Alphabetic symbol ordering
Relocatable symbols

   Definitions
      At line 78 in file user_code.s
   Uses
      At line 48 in file user_code.s
Comment: MR3match used once
ploop 00000040

Symbol: ploop
   Definitions
      At line 36 in file user_code.s
   Uses
      At line 49 in file user_code.s
Comment: ploop used once
stop 000000D8

Symbol: stop
   Definitions
      At line 93 in file user_code.s
   Uses
      At line 93 in file user_code.s
Comment: stop used once
task2 000000D8

Symbol: task2
   Definitions
      At line 88 in file user_code.s
   Uses
      At line 34 in file user_code.s
Comment: task2 used once
user_code 00000000

Symbol: user_code
   Definitions
      At line 3 in file user_code.s
   Uses
      At line 1 in file user_code.s
Comment: user_code used once
usercode 00000000

Symbol: usercode
   Definitions
      At line 2 in file user_code.s
   Uses
      None
Comment: usercode unused
13 symbols



ARM Macro Assembler    Page 1 Alphabetic symbol ordering
Absolute symbols

IO0CLR E002800C

Symbol: IO0CLR
   Definitions
      At line 12 in file user_code.s
   Uses
      At line 72 in file user_code.s
      At line 81 in file user_code.s

IO0DIR E0028008

Symbol: IO0DIR
   Definitions
      At line 8 in file user_code.s
   Uses
      At line 28 in file user_code.s
Comment: IO0DIR used once
IO0SET E0028004

Symbol: IO0SET
   Definitions
      At line 11 in file user_code.s
   Uses
      At line 54 in file user_code.s
      At line 63 in file user_code.s

IO1DIR E0028018

Symbol: IO1DIR
   Definitions
      At line 9 in file user_code.s
   Uses
      None
Comment: IO1DIR unused
PINSEL0 E002C000

Symbol: PINSEL0
   Definitions
      At line 5 in file user_code.s
   Uses
      At line 16 in file user_code.s
Comment: PINSEL0 used once
PINSEL1 E002C004

Symbol: PINSEL1
   Definitions
      At line 6 in file user_code.s
   Uses
      At line 22 in file user_code.s
Comment: PINSEL1 used once
T0IR E0004000

Symbol: T0IR
   Definitions
      At line 7 in file user_code.s
   Uses
      At line 36 in file user_code.s
Comment: T0IR used once
7 symbols



ARM Macro Assembler    Page 2 Alphabetic symbol ordering
Absolute symbols

353 symbols in table
